<?xml version="1.0" encoding="UTF-8"?>
<!-- Generated by org.testng.reporters.JUnitReportReporter -->
<testsuite hostname="LAPTOP-L5VJCAPT" failures="0" tests="2" name="com.SampleTest.sampleTest.Sample_Test" time="5.826" errors="0" timestamp="2023-11-06T13:58:26 IST" skipped="0">
  <testcase classname="com.SampleTest.sampleTest.Sample_Test" name="Test1" time="3.502"/>
  <system-out/>
  <testcase classname="com.SampleTest.sampleTest.Sample_Test" name="Test2" time="2.324"/>
  <system-out/>
</testsuite> <!-- com.SampleTest.sampleTest.Sample_Test -->
